2026-02-10 16:04:49,935 - INFO - Datos cargados correctamente desde /home/jair/Proyectos/Patient_Churn_Prediction_Dataset_for_Healthcare/data/raw/patient_churn_dataset.csv
2026-02-10 16:07:00,395 - INFO - Datos cargados correctamente desde /home/jair/Proyectos/Patient_Churn_Prediction_Dataset_for_Healthcare/data/raw/patient_churn_dataset.csv
2026-02-10 16:13:43,495 - INFO - Modelo entrenado correctamente
2026-02-10 16:13:43,873 - INFO - Medidas de desempeño calculadas
2026-02-10 16:13:44,000 - INFO - Modelo guardado en: /home/jair/Proyectos/Patient_Churn_Prediction_Dataset_for_Healthcare/models/01_medical_churn.pkl
2026-02-10 16:13:44,002 - INFO - Metadatos guardados en: /home/jair/Proyectos/Patient_Churn_Prediction_Dataset_for_Healthcare/metadata/01_metadata_modelo.json
2026-02-10 16:38:30,269 - INFO - Datos cargados correctamente desde /home/jair/Proyectos/Patient_Churn_Prediction_Dataset_for_Healthcare/data/raw/patient_churn_dataset.csv
2026-02-10 16:38:30,271 - INFO - Todas las columnas requeridas están presentes
2026-02-10 16:45:05,967 - INFO - Modelo entrenado correctamente
2026-02-10 16:45:05,982 - INFO - Mejor modelo encontrado con puntuación: 0.03527253068159256
2026-02-10 16:45:06,342 - INFO - Medidas de desempeño calculadas
2026-02-10 16:45:06,457 - INFO - Modelo guardado en: /home/jair/Proyectos/Patient_Churn_Prediction_Dataset_for_Healthcare/models/01_medical_churn.pkl
2026-02-10 16:45:06,459 - INFO - Metadatos guardados en: /home/jair/Proyectos/Patient_Churn_Prediction_Dataset_for_Healthcare/metadata/01_metadata_modelo.json
2026-02-10 17:24:11,595 - INFO - Datos cargados correctamente desde /home/jair/Proyectos/Patient_Churn_Prediction_Dataset_for_Healthcare/data/raw/patient_churn_dataset.csv
2026-02-10 17:24:11,596 - INFO - Todas las columnas requeridas están presentes
2026-02-10 17:24:51,381 - INFO - Datos cargados correctamente desde /home/jair/Proyectos/Patient_Churn_Prediction_Dataset_for_Healthcare/data/raw/patient_churn_dataset.csv
2026-02-10 17:24:51,383 - INFO - Todas las columnas requeridas están presentes
2026-02-10 17:25:00,099 - INFO - Datos cargados correctamente desde /home/jair/Proyectos/Patient_Churn_Prediction_Dataset_for_Healthcare/data/raw/patient_churn_dataset.csv
2026-02-10 17:25:00,100 - INFO - Todas las columnas requeridas están presentes
2026-02-10 17:25:46,056 - INFO - Datos cargados correctamente desde /home/jair/Proyectos/Patient_Churn_Prediction_Dataset_for_Healthcare/data/raw/patient_churn_dataset.csv
2026-02-10 17:25:46,057 - INFO - Todas las columnas requeridas están presentes
2026-02-10 17:26:08,707 - INFO - Datos cargados correctamente desde /home/jair/Proyectos/Patient_Churn_Prediction_Dataset_for_Healthcare/data/raw/patient_churn_dataset.csv
2026-02-10 17:26:08,709 - INFO - Todas las columnas requeridas están presentes
2026-02-10 17:26:15,711 - INFO - Datos cargados correctamente desde /home/jair/Proyectos/Patient_Churn_Prediction_Dataset_for_Healthcare/data/raw/patient_churn_dataset.csv
2026-02-10 17:26:15,713 - INFO - Todas las columnas requeridas están presentes
2026-02-10 17:26:21,106 - ERROR - Error durante el ajuste del modelo: The 'var_smoothing' parameter of GaussianNB must be a float in the range [0.0, inf). Got '1e-9' instead.
2026-02-10 17:28:20,704 - INFO - Datos cargados correctamente desde /home/jair/Proyectos/Patient_Churn_Prediction_Dataset_for_Healthcare/data/raw/patient_churn_dataset.csv
2026-02-10 17:28:20,705 - INFO - Todas las columnas requeridas están presentes
2026-02-10 17:35:09,763 - INFO - Modelo entrenado correctamente
2026-02-10 17:35:09,774 - INFO - Mejor modelo encontrado con puntuación: 0.03527253068159256
2026-02-10 17:35:10,188 - INFO - Medidas de desempeño calculadas
2026-02-10 17:35:10,318 - INFO - Modelo guardado en: /home/jair/Proyectos/Patient_Churn_Prediction_Dataset_for_Healthcare/models/01_medical_churn.pkl
2026-02-10 17:35:10,321 - INFO - Metadatos guardados en: /home/jair/Proyectos/Patient_Churn_Prediction_Dataset_for_Healthcare/metadata/01_metadata_modelo.json
